SF:lib/features/task/domain/entities/task.dart
DA:17,1
DA:30,1
DA:42,1
DA:43,1
DA:44,1
DA:45,1
DA:46,1
DA:47,1
DA:48,1
DA:49,1
DA:50,1
DA:51,0
DA:52,1
DA:56,1
DA:57,1
DA:58,1
DA:59,1
DA:60,1
DA:61,1
DA:62,1
DA:63,1
DA:64,1
DA:65,1
DA:66,1
DA:67,1
LF:25
LH:24
end_of_record
SF:lib/features/task/domain/entities/task_priority.dart
DA:12,0
DA:14,0
DA:16,0
DA:18,0
DA:23,0
DA:25,0
DA:27,0
DA:29,0
DA:34,0
DA:36,0
DA:38,0
DA:40,0
DA:43,0
LF:13
LH:0
end_of_record
SF:lib/features/task/presentation/blocs/task_bloc/task_event.dart
DA:5,2
DA:7,1
DA:8,1
DA:16,1
DA:18,1
DA:19,2
DA:25,1
DA:27,1
DA:28,2
DA:34,2
DA:36,1
DA:37,2
DA:43,1
DA:45,1
DA:46,2
LF:15
LH:15
end_of_record
SF:lib/features/task/presentation/blocs/task_bloc/task_state.dart
DA:4,2
DA:6,1
DA:7,1
DA:17,1
DA:19,1
DA:20,2
DA:26,2
DA:28,1
DA:29,2
LF:9
LH:9
end_of_record
SF:lib/features/task/presentation/blocs/task_bloc/task_bloc.dart
DA:16,1
DA:21,2
DA:22,2
DA:23,2
DA:24,2
DA:25,2
DA:26,2
DA:29,1
DA:30,2
DA:32,2
DA:33,2
DA:35,3
DA:39,1
DA:41,3
DA:42,2
DA:44,3
DA:48,1
DA:50,3
DA:51,2
DA:53,3
DA:57,1
DA:59,3
DA:60,2
DA:62,3
DA:66,1
DA:68,4
DA:69,2
DA:70,2
DA:72,3
LF:29
LH:29
end_of_record
SF:lib/features/task/domain/usecases/add_task.dart
DA:8,0
DA:10,0
DA:11,0
LF:3
LH:0
end_of_record
SF:lib/features/task/domain/usecases/delete_task.dart
DA:7,0
DA:9,0
DA:10,0
LF:3
LH:0
end_of_record
SF:lib/features/task/domain/usecases/get_tasks.dart
DA:8,0
DA:10,0
DA:11,0
LF:3
LH:0
end_of_record
SF:lib/features/task/domain/usecases/update_task.dart
DA:8,0
DA:10,0
DA:11,0
LF:3
LH:0
end_of_record
